<?xml version="1.0" encoding="UTF-8"?>
<testng-results skipped="0" failed="0" ignored="0" total="5" passed="5">
  <reporter-output>
  </reporter-output>
  <suite name="TestNG" duration-ms="35788" started-at="2018-10-05T11:57:40Z" finished-at="2018-10-05T11:58:15Z">
    <groups>
    </groups>
    <test name="Test Annotations" duration-ms="35788" started-at="2018-10-05T11:57:40Z" finished-at="2018-10-05T11:58:15Z">
      <class name="bg.pragmatic.shop.multipleColorSellect">
        <test-method status="PASS" signature="multipleSelect()[pri:0, instance:bg.pragmatic.shop.multipleColorSellect@56aac163]" name="multipleSelect" duration-ms="1178" started-at="2018-10-05T11:58:04Z" finished-at="2018-10-05T11:58:05Z">
          <reporter-output>
          </reporter-output>
        </test-method> <!-- multipleSelect -->
      </class> <!-- bg.pragmatic.shop.multipleColorSellect -->
      <class name="bg.pragmatic.shop.FailLogin">
        <test-method status="PASS" signature="login()[pri:0, instance:bg.pragmatic.shop.FailLogin@6895a785]" name="login" duration-ms="997" started-at="2018-10-05T11:58:04Z" finished-at="2018-10-05T11:58:05Z">
          <reporter-output>
          </reporter-output>
        </test-method> <!-- login -->
      </class> <!-- bg.pragmatic.shop.FailLogin -->
      <class name="bg.pragmatic.shop.DropdownOrders">
        <test-method status="PASS" signature="invokeBrowser()[pri:0, instance:bg.pragmatic.shop.DropdownOrders@48503868]" name="invokeBrowser" is-config="true" duration-ms="6245" started-at="2018-10-05T11:57:40Z" finished-at="2018-10-05T11:57:46Z">
          <reporter-output>
          </reporter-output>
        </test-method> <!-- invokeBrowser -->
        <test-method status="PASS" signature="invokeBrowser()[pri:0, instance:bg.pragmatic.shop.FailLogin@6895a785]" name="invokeBrowser" is-config="true" duration-ms="7232" started-at="2018-10-05T11:57:46Z" finished-at="2018-10-05T11:57:53Z">
          <reporter-output>
          </reporter-output>
        </test-method> <!-- invokeBrowser -->
        <test-method status="PASS" signature="invokeBrowser()[pri:0, instance:bg.pragmatic.shop.LoginShop@184f6be2]" name="invokeBrowser" is-config="true" duration-ms="6267" started-at="2018-10-05T11:57:53Z" finished-at="2018-10-05T11:57:59Z">
          <reporter-output>
          </reporter-output>
        </test-method> <!-- invokeBrowser -->
        <test-method status="PASS" signature="invokeBrowser()[pri:0, instance:bg.pragmatic.shop.multipleColorSellect@56aac163]" name="invokeBrowser" is-config="true" duration-ms="4946" started-at="2018-10-05T11:57:59Z" finished-at="2018-10-05T11:58:04Z">
          <reporter-output>
          </reporter-output>
        </test-method> <!-- invokeBrowser -->
        <test-method status="PASS" signature="login()[pri:1, instance:bg.pragmatic.shop.DropdownOrders@48503868]" name="login" duration-ms="2899" started-at="2018-10-05T11:58:07Z" finished-at="2018-10-05T11:58:10Z">
          <reporter-output>
          </reporter-output>
        </test-method> <!-- login -->
        <test-method status="PASS" signature="ordersDropdown()[pri:0, instance:bg.pragmatic.shop.DropdownOrders@48503868]" name="ordersDropdown" duration-ms="1876" started-at="2018-10-05T11:58:10Z" depends-on-methods="bg.pragmatic.shop.DropdownOrders.login" finished-at="2018-10-05T11:58:12Z">
          <reporter-output>
          </reporter-output>
        </test-method> <!-- ordersDropdown -->
        <test-method status="PASS" signature="tearDown()[pri:0, instance:bg.pragmatic.shop.DropdownOrders@48503868]" name="tearDown" is-config="true" duration-ms="678" started-at="2018-10-05T11:58:12Z" finished-at="2018-10-05T11:58:13Z">
          <reporter-output>
          </reporter-output>
        </test-method> <!-- tearDown -->
        <test-method status="PASS" signature="tearDown()[pri:0, instance:bg.pragmatic.shop.FailLogin@6895a785]" name="tearDown" is-config="true" duration-ms="1107" started-at="2018-10-05T11:58:13Z" finished-at="2018-10-05T11:58:14Z">
          <reporter-output>
          </reporter-output>
        </test-method> <!-- tearDown -->
        <test-method status="PASS" signature="tearDown()[pri:0, instance:bg.pragmatic.shop.LoginShop@184f6be2]" name="tearDown" is-config="true" duration-ms="1031" started-at="2018-10-05T11:58:14Z" finished-at="2018-10-05T11:58:15Z">
          <reporter-output>
          </reporter-output>
        </test-method> <!-- tearDown -->
        <test-method status="PASS" signature="tearDown()[pri:0, instance:bg.pragmatic.shop.multipleColorSellect@56aac163]" name="tearDown" is-config="true" duration-ms="661" started-at="2018-10-05T11:58:15Z" finished-at="2018-10-05T11:58:15Z">
          <reporter-output>
          </reporter-output>
        </test-method> <!-- tearDown -->
      </class> <!-- bg.pragmatic.shop.DropdownOrders -->
      <class name="bg.pragmatic.shop.LoginShop">
        <test-method status="PASS" signature="login()[pri:0, instance:bg.pragmatic.shop.LoginShop@184f6be2]" name="login" duration-ms="2795" started-at="2018-10-05T11:58:04Z" finished-at="2018-10-05T11:58:07Z">
          <reporter-output>
          </reporter-output>
        </test-method> <!-- login -->
      </class> <!-- bg.pragmatic.shop.LoginShop -->
    </test> <!-- Test Annotations -->
  </suite> <!-- TestNG -->
</testng-results>
