<?xml version="1.0" encoding="UTF-8"?>
<testsuite xmlns:xsi="http://www.w3.org/2001/XMLSchema-instance" xsi:noNamespaceSchemaLocation="https://maven.apache.org/surefire/maven-surefire-plugin/xsd/surefire-test-report.xsd" name="TestSuite" time="16.583" tests="3" errors="0" skipped="0" failures="0">
  <properties>
[...]
</properties>
  <testcase name="getTitle" classname="selenium.testNG.suite.TestNGAssertion" time="1.401"/>
  <testcase name="openBrowser" classname="selenium.testNG.suite.TestDependencyUsingFacebook" time="6.34"/>
  <testcase name="loginToFacebook" classname="selenium.testNG.suite.TestDependencyUsingFacebook" time="0.389"/>
</testsuite>