<?xml version="1.0" encoding="UTF-8"?>
<testng-results skipped="0" failed="0" ignored="0" total="1" passed="1">
  <reporter-output>
  </reporter-output>
  <suite name="Default suite" duration-ms="9144" started-at="2018-10-05T11:53:55Z" finished-at="2018-10-05T11:54:04Z">
    <groups>
    </groups>
    <test name="Default test" duration-ms="9144" started-at="2018-10-05T11:53:55Z" finished-at="2018-10-05T11:54:04Z">
      <class name="bg.pragmatic.shop.FailLogin">
        <test-method status="PASS" signature="invokeBrowser()[pri:0, instance:bg.pragmatic.shop.FailLogin@31f924f5]" name="invokeBrowser" is-config="true" duration-ms="8390" started-at="2018-10-05T11:53:55Z" finished-at="2018-10-05T11:54:04Z">
          <reporter-output>
          </reporter-output>
        </test-method> <!-- invokeBrowser -->
        <test-method status="PASS" signature="login()[pri:0, instance:bg.pragmatic.shop.FailLogin@31f924f5]" name="login" duration-ms="710" started-at="2018-10-05T11:54:04Z" finished-at="2018-10-05T11:54:04Z">
          <reporter-output>
          </reporter-output>
        </test-method> <!-- login -->
      </class> <!-- bg.pragmatic.shop.FailLogin -->
    </test> <!-- Default test -->
  </suite> <!-- Default suite -->
</testng-results>
