<?xml version="1.0" encoding="UTF-8"?>
<!-- Generated by org.testng.reporters.JUnitXMLReporter -->
<testsuite hostname="Lubo-PC" ignored="0" name="Test Annotations" tests="5" failures="0" timestamp="05 X 2018 11:58:15 GMT" time="35.788" errors="0">
  <testcase name="login" time="0.997" classname="bg.pragmatic.shop.FailLogin"/>
  <testcase name="multipleSelect" time="1.178" classname="bg.pragmatic.shop.multipleColorSellect"/>
  <testcase name="login" time="2.795" classname="bg.pragmatic.shop.LoginShop"/>
  <testcase name="login" time="2.899" classname="bg.pragmatic.shop.DropdownOrders"/>
  <testcase name="ordersDropdown" time="1.876" classname="bg.pragmatic.shop.DropdownOrders"/>
</testsuite> <!-- Test Annotations -->
