<?xml version="1.0" encoding="UTF-8"?>
<testsuite name="Weather.SmokeTests" tests="5" failures="2" errors="0" time="9.413"><properties>
[...]
</properties><testcase name="Demonstrate different asserts" time="5.409"><properties/><failure type="Cancelling due to failed test step" message="Cancelling due to failed test step"><![CDATA[<h3><b>01. GetWeatherInfo Failed</b></h3><pre>[Response SLA] Response did not meet SLA 3670/2000
</pre><hr/>]]></failure></testcase><testcase name="Property step example" time="0.885"><properties/></testcase><testcase name="Property levels" time="0.574"><properties><property name="ZIP" value="10007"/><property name="City" value="New York"/></properties></testcase><testcase name="Loops" time="0.382"><properties/></testcase><testcase name="DataDrivenTests" time="2.163"><properties><property name="ZIP" value="10004"/><property name="City" value="Los Angeles"/></properties><failure type="Cancelling due to failed test step" message="Cancelling due to failed test step"><![CDATA[<h3><b>GetWeatherByZIP Failed</b></h3><pre>[XPath Match] XPathContains comparison failed for path [declare namespace ns1='http://ws.cdyne.com/WeatherWS/';
//ns1:City/text()], expecting [Los Angeles], actual was [New York]
</pre><hr/><h3><b>GetWeatherByZIP (DataDriven calls ot SOAP step) Failed</b></h3><pre></pre><hr/>]]></failure></testcase></testsuite>