<?xml version="1.0" encoding="UTF-8"?>
<!-- Generated by org.testng.reporters.JUnitXMLReporter -->
<testsuite hostname="Lubo-PC" ignored="0" name="Test Annotations" tests="3" failures="0" timestamp="03 X 2018 09:43:05 GMT" time="14.552" errors="0">
  <testcase name="getTitle" time="0.875" classname="selenium.testNG.suite.TestNGAssertion"/>
  <testcase name="openBrowser" time="5.867" classname="selenium.testNG.suite.TestDependencyUsingFacebook"/>
  <testcase name="loginToFacebook" time="0.263" classname="selenium.testNG.suite.TestDependencyUsingFacebook"/>
</testsuite> <!-- Test Annotations -->
