<?xml version="1.0" encoding="UTF-8"?>
<testsuite xmlns:xsi="http://www.w3.org/2001/XMLSchema-instance" xsi:noNamespaceSchemaLocation="https://maven.apache.org/surefire/maven-surefire-plugin/xsd/surefire-test-report.xsd" name="automation.OtherTest" time="0.023" tests="5" errors="0" skipped="0" failures="0">
  <properties>
[...]
</properties>
  <testcase name="other2" classname="automation.OtherTest" time="0.02"/>
  <testcase name="other5" classname="automation.OtherTest" time="0.022"/>
  <testcase name="other1" classname="automation.OtherTest" time="0.014"/>
  <testcase name="other4" classname="automation.OtherTest" time="0.002"/>
  <testcase name="other3" classname="automation.OtherTest" time="0.008"/>
</testsuite>