-------------------------------------------------------------------------------
Test set: automation.SomeTest
-------------------------------------------------------------------------------
Tests run: 1, Failures: 1, Errors: 0, Skipped: 0, Time elapsed: 0 s <<< FAILURE! - in automation.SomeTest
test4(automation.SomeTest)  Time elapsed: 0 s  <<< FAILURE!
java.lang.AssertionError
	at automation.SomeTest.test4(SomeTest.java:27)

