<?xml version="1.0" encoding="UTF-8"?>
<!-- Generated by org.testng.reporters.JUnitXMLReporter -->
<testsuite hostname="Lubo-PC" ignored="0" name="Test Annotations" tests="3" failures="0" timestamp="03 X 2018 16:29:00 GMT" time="15.953" errors="0">
  <testcase name="getTitle" time="1.404" classname="selenium.testNG.suite.TestNGAssertion"/>
  <testcase name="openBrowser" time="6.339" classname="selenium.testNG.suite.TestDependencyUsingFacebook"/>
  <testcase name="loginToFacebook" time="0.388" classname="selenium.testNG.suite.TestDependencyUsingFacebook"/>
</testsuite> <!-- Test Annotations -->
